Flow report for PROJ300_Edmonds
Tue Mar 12 15:04:34 2024
Quartus Prime Version 23.1std.0 Build 991 11/28/2023 SC Lite Edition


---------------------
; Table of Contents ;
---------------------
  1. Legal Notice
  2. Flow Summary
  3. Flow Settings
  4. Flow Non-Default Global Settings
  5. Flow Elapsed Time
  6. Flow OS Summary
  7. Flow Log
  8. Flow Messages
  9. Flow Suppressed Messages



----------------
; Legal Notice ;
----------------
Copyright (C) 2023  Intel Corporation. All rights reserved.
Your use of Intel Corporation's design tools, logic functions 
and other software and tools, and any partner logic 
functions, and any output files from any of the foregoing 
(including device programming or simulation files), and any 
associated documentation or information are expressly subject 
to the terms and conditions of the Intel Program License 
Subscription Agreement, the Intel Quartus Prime License Agreement,
the Intel FPGA IP License Agreement, or other applicable license
agreement, including, without limitation, that your use is for
the sole purpose of programming logic devices manufactured by
Intel and sold by Intel or its authorized distributors.  Please
refer to the applicable agreement for further details, at
https://fpgasoftware.intel.com/eula.



+----------------------------------------------------------------------------------+
; Flow Summary                                                                     ;
+---------------------------------+------------------------------------------------+
; Flow Status                     ; Successful - Tue Mar 12 15:04:34 2024          ;
; Quartus Prime Version           ; 23.1std.0 Build 991 11/28/2023 SC Lite Edition ;
; Revision Name                   ; PROJ300_Edmonds                                ;
; Top-level Entity Name           ; Top                                            ;
; Family                          ; Cyclone V                                      ;
; Device                          ; 5CEBA4F23C7                                    ;
; Timing Models                   ; Final                                          ;
; Logic utilization (in ALMs)     ; 61 / 18,480 ( < 1 % )                          ;
; Total registers                 ; 36                                             ;
; Total pins                      ; 14 / 224 ( 6 % )                               ;
; Total virtual pins              ; 0                                              ;
; Total block memory bits         ; 0 / 3,153,920 ( 0 % )                          ;
; Total DSP Blocks                ; 1 / 66 ( 2 % )                                 ;
; Total HSSI RX PCSs              ; 0                                              ;
; Total HSSI PMA RX Deserializers ; 0                                              ;
; Total HSSI TX PCSs              ; 0                                              ;
; Total HSSI PMA TX Serializers   ; 0                                              ;
; Total PLLs                      ; 0 / 4 ( 0 % )                                  ;
; Total DLLs                      ; 0 / 4 ( 0 % )                                  ;
+---------------------------------+------------------------------------------------+


+-----------------------------------------+
; Flow Settings                           ;
+-------------------+---------------------+
; Option            ; Setting             ;
+-------------------+---------------------+
; Start date & time ; 03/12/2024 15:03:57 ;
; Main task         ; Compilation         ;
; Revision Name     ; PROJ300_Edmonds     ;
+-------------------+---------------------+


+-------------------------------------------------------------------------------------------------------------------------------+
; Flow Non-Default Global Settings                                                                                              ;
+-------------------------------------+----------------------------------------+-----------------+-------------+----------------+
; Assignment Name                     ; Value                                  ; Default Value   ; Entity Name ; Section Id     ;
+-------------------------------------+----------------------------------------+-----------------+-------------+----------------+
; COMPILER_SIGNATURE_ID               ; 1099327769120.171025583708692          ; --              ; --          ; --             ;
; EDA_OUTPUT_DATA_FORMAT              ; Systemverilog Hdl                      ; --              ; --          ; eda_simulation ;
; EDA_SIMULATION_TOOL                 ; Questa Intel FPGA (SystemVerilog)      ; <None>          ; --          ; --             ;
; EDA_TIME_SCALE                      ; 1 ps                                   ; --              ; --          ; eda_simulation ;
; MAX_CORE_JUNCTION_TEMP              ; 85                                     ; --              ; --          ; --             ;
; MIN_CORE_JUNCTION_TEMP              ; 0                                      ; --              ; --          ; --             ;
; PARTITION_COLOR                     ; -- (Not supported for targeted family) ; --              ; Top         ; Top            ;
; PARTITION_FITTER_PRESERVATION_LEVEL ; -- (Not supported for targeted family) ; --              ; Top         ; Top            ;
; PARTITION_NETLIST_TYPE              ; -- (Not supported for targeted family) ; --              ; Top         ; Top            ;
; TOP_LEVEL_ENTITY                    ; Top                                    ; PROJ300_Edmonds ; --          ; --             ;
+-------------------------------------+----------------------------------------+-----------------+-------------+----------------+


+--------------------------------------------------------------------------------------------------------------------------+
; Flow Elapsed Time                                                                                                        ;
+----------------------+--------------+-------------------------+---------------------+------------------------------------+
; Module Name          ; Elapsed Time ; Average Processors Used ; Peak Virtual Memory ; Total CPU Time (on all processors) ;
+----------------------+--------------+-------------------------+---------------------+------------------------------------+
; Analysis & Synthesis ; 00:00:04     ; 1.0                     ; 4857 MB             ; 00:00:11                           ;
; Fitter               ; 00:00:24     ; 1.0                     ; 7293 MB             ; 00:02:26                           ;
; Assembler            ; 00:00:02     ; 1.0                     ; 4836 MB             ; 00:00:02                           ;
; Timing Analyzer      ; 00:00:03     ; 1.3                     ; 5183 MB             ; 00:00:02                           ;
; EDA Netlist Writer   ; 00:00:00     ; 1.0                     ; 4722 MB             ; 00:00:00                           ;
; Total                ; 00:00:33     ; --                      ; --                  ; 00:02:41                           ;
+----------------------+--------------+-------------------------+---------------------+------------------------------------+


+------------------------------------------------------------------------------------+
; Flow OS Summary                                                                    ;
+----------------------+------------------+------------+------------+----------------+
; Module Name          ; Machine Hostname ; OS Name    ; OS Version ; Processor type ;
+----------------------+------------------+------------+------------+----------------+
; Analysis & Synthesis ; PC               ; Windows 10 ; 10.0       ; x86_64         ;
; Fitter               ; PC               ; Windows 10 ; 10.0       ; x86_64         ;
; Assembler            ; PC               ; Windows 10 ; 10.0       ; x86_64         ;
; Timing Analyzer      ; PC               ; Windows 10 ; 10.0       ; x86_64         ;
; EDA Netlist Writer   ; PC               ; Windows 10 ; 10.0       ; x86_64         ;
+----------------------+------------------+------------+------------+----------------+


------------
; Flow Log ;
------------
quartus_map --read_settings_files=on --write_settings_files=off PROJ300_Edmonds -c PROJ300_Edmonds
quartus_fit --read_settings_files=off --write_settings_files=off PROJ300_Edmonds -c PROJ300_Edmonds
quartus_asm --read_settings_files=off --write_settings_files=off PROJ300_Edmonds -c PROJ300_Edmonds
quartus_sta PROJ300_Edmonds -c PROJ300_Edmonds
quartus_eda --read_settings_files=off --write_settings_files=off PROJ300_Edmonds -c PROJ300_Edmonds



